<?xml version="1.0" encoding="UTF-8"?>
<!-- Generated by org.testng.reporters.JUnitReportReporter -->
<testsuite hostname="DESKTOP-NA5V5G2" failures="0" tests="1" name="test.CustomerAddCategoryTest" time="3.804" errors="0" timestamp="2023-06-17T10:03:06 CDT" skipped="0">
  <testcase classname="test.CustomerAddCategoryTest" name="userAbleToAddNewCategory" time="3.804"/>
  <system-out/>
</testsuite> <!-- test.CustomerAddCategoryTest -->
